<?xml version="1.0" encoding="UTF-8"?>
<testsuite xmlns:xsi="http://www.w3.org/2001/XMLSchema-instance" xsi:noNamespaceSchemaLocation="https://maven.apache.org/surefire/maven-surefire-plugin/xsd/surefire-test-report.xsd" name="org.orekit.estimation.measurements.GroundStationTest" time="59.271" tests="58" errors="0" skipped="0" failures="0">
  <properties>
[...]
</properties>
  <testcase name="testStationOffsetAngularDerivativesNearPole" classname="org.orekit.estimation.measurements.GroundStationTest" time="0.545"/>
  <testcase name="testPrimeMeridianAngularDerivativesOctantMxMyMz" classname="org.orekit.estimation.measurements.GroundStationTest" time="0.401"/>
  <testcase name="testPrimeMeridianAngularDerivativesOctantMxMyPz" classname="org.orekit.estimation.measurements.GroundStationTest" time="0.432"/>
  <testcase name="testPrimeMeridianAngularDerivativesOctantMxPyMz" classname="org.orekit.estimation.measurements.GroundStationTest" time="0.405"/>
  <testcase name="testPrimeMeridianAngularDerivativesOctantMxPyPz" classname="org.orekit.estimation.measurements.GroundStationTest" time="0.384"/>
  <testcase name="testPrimeMeridianAngularDerivativesOctantPxMyMz" classname="org.orekit.estimation.measurements.GroundStationTest" time="0.421"/>
  <testcase name="testPrimeMeridianAngularDerivativesOctantPxMyPz" classname="org.orekit.estimation.measurements.GroundStationTest" time="0.447"/>
  <testcase name="testPrimeMeridianAngularDerivativesOctantPxPyMz" classname="org.orekit.estimation.measurements.GroundStationTest" time="0.488"/>
  <testcase name="testPrimeMeridianAngularDerivativesOctantPxPyPz" classname="org.orekit.estimation.measurements.GroundStationTest" time="0.408"/>
  <testcase name="testPrimeMeridianCartesianDerivativesOctantMxMyMz" classname="org.orekit.estimation.measurements.GroundStationTest" time="0.395"/>
  <testcase name="testPrimeMeridianCartesianDerivativesOctantMxMyPz" classname="org.orekit.estimation.measurements.GroundStationTest" time="0.393"/>
  <testcase name="testPrimeMeridianCartesianDerivativesOctantMxPyMz" classname="org.orekit.estimation.measurements.GroundStationTest" time="0.442"/>
  <testcase name="testPrimeMeridianCartesianDerivativesOctantMxPyPz" classname="org.orekit.estimation.measurements.GroundStationTest" time="0.496"/>
  <testcase name="testPrimeMeridianCartesianDerivativesOctantPxMyMz" classname="org.orekit.estimation.measurements.GroundStationTest" time="0.536"/>
  <testcase name="testPrimeMeridianCartesianDerivativesOctantPxMyPz" classname="org.orekit.estimation.measurements.GroundStationTest" time="0.626"/>
  <testcase name="testPrimeMeridianCartesianDerivativesOctantPxPyMz" classname="org.orekit.estimation.measurements.GroundStationTest" time="0.51"/>
  <testcase name="testPrimeMeridianCartesianDerivativesOctantPxPyPz" classname="org.orekit.estimation.measurements.GroundStationTest" time="0.641"/>
  <testcase name="testPolarMotionAngularDerivativesOctantMxMyMz" classname="org.orekit.estimation.measurements.GroundStationTest" time="0.67"/>
  <testcase name="testPolarMotionAngularDerivativesOctantMxMyPz" classname="org.orekit.estimation.measurements.GroundStationTest" time="0.603"/>
  <testcase name="testPolarMotionAngularDerivativesOctantMxPyMz" classname="org.orekit.estimation.measurements.GroundStationTest" time="0.536"/>
  <testcase name="testPolarMotionAngularDerivativesOctantMxPyPz" classname="org.orekit.estimation.measurements.GroundStationTest" time="0.534"/>
  <testcase name="testPolarMotionAngularDerivativesNearPole" classname="org.orekit.estimation.measurements.GroundStationTest" time="0.512"/>
  <testcase name="testPolarMotionAngularDerivativesOctantPxMyMz" classname="org.orekit.estimation.measurements.GroundStationTest" time="0.515"/>
  <testcase name="testPolarMotionAngularDerivativesOctantPxMyPz" classname="org.orekit.estimation.measurements.GroundStationTest" time="0.552"/>
  <testcase name="testPolarMotionAngularDerivativesOctantPxPyMz" classname="org.orekit.estimation.measurements.GroundStationTest" time="0.583"/>
  <testcase name="testPolarMotionAngularDerivativesOctantPxPyPz" classname="org.orekit.estimation.measurements.GroundStationTest" time="0.569"/>
  <testcase name="testDeprecatedMethod" classname="org.orekit.estimation.measurements.GroundStationTest" time="0.076"/>
  <testcase name="testPrimeMeridianAngularDerivativesNearPole" classname="org.orekit.estimation.measurements.GroundStationTest" time="0.435"/>
  <testcase name="testPolarMotionCartesianDerivativesOctantMxMyMz" classname="org.orekit.estimation.measurements.GroundStationTest" time="0.609"/>
  <testcase name="testPolarMotionCartesianDerivativesOctantMxMyPz" classname="org.orekit.estimation.measurements.GroundStationTest" time="0.562"/>
  <testcase name="testPolarMotionCartesianDerivativesOctantMxPyMz" classname="org.orekit.estimation.measurements.GroundStationTest" time="0.562"/>
  <testcase name="testPolarMotionCartesianDerivativesOctantMxPyPz" classname="org.orekit.estimation.measurements.GroundStationTest" time="0.52"/>
  <testcase name="testPolarMotionCartesianDerivativesOctantPxMyMz" classname="org.orekit.estimation.measurements.GroundStationTest" time="0.523"/>
  <testcase name="testPolarMotionCartesianDerivativesOctantPxMyPz" classname="org.orekit.estimation.measurements.GroundStationTest" time="0.552"/>
  <testcase name="testPolarMotionCartesianDerivativesOctantPxPyMz" classname="org.orekit.estimation.measurements.GroundStationTest" time="0.629"/>
  <testcase name="testPolarMotionCartesianDerivativesOctantPxPyPz" classname="org.orekit.estimation.measurements.GroundStationTest" time="0.589"/>
  <testcase name="testNoReferenceDate" classname="org.orekit.estimation.measurements.GroundStationTest" time="0.033"/>
  <testcase name="testStationOffsetAngularDerivativesOctantMxMyMz" classname="org.orekit.estimation.measurements.GroundStationTest" time="0.457"/>
  <testcase name="testStationOffsetAngularDerivativesOctantMxMyPz" classname="org.orekit.estimation.measurements.GroundStationTest" time="0.459"/>
  <testcase name="testStationOffsetAngularDerivativesOctantMxPyMz" classname="org.orekit.estimation.measurements.GroundStationTest" time="0.464"/>
  <testcase name="testStationOffsetAngularDerivativesOctantMxPyPz" classname="org.orekit.estimation.measurements.GroundStationTest" time="0.439"/>
  <testcase name="testStationOffsetAngularDerivativesOctantPxMyMz" classname="org.orekit.estimation.measurements.GroundStationTest" time="0.461"/>
  <testcase name="testStationOffsetAngularDerivativesOctantPxMyPz" classname="org.orekit.estimation.measurements.GroundStationTest" time="0.486"/>
  <testcase name="testStationOffsetAngularDerivativesOctantPxPyMz" classname="org.orekit.estimation.measurements.GroundStationTest" time="0.532"/>
  <testcase name="testStationOffsetAngularDerivativesOctantPxPyPz" classname="org.orekit.estimation.measurements.GroundStationTest" time="0.509"/>
  <testcase name="testPrimeMeridianCartesianDerivativesNearPole" classname="org.orekit.estimation.measurements.GroundStationTest" time="0.461"/>
  <testcase name="testPolarMotionCartesianDerivativesNearPole" classname="org.orekit.estimation.measurements.GroundStationTest" time="0.614"/>
  <testcase name="testEstimateStationPosition" classname="org.orekit.estimation.measurements.GroundStationTest" time="5.283"/>
  <testcase name="testStationOffsetCartesianDerivativesOctantMxMyMz" classname="org.orekit.estimation.measurements.GroundStationTest" time="0.452"/>
  <testcase name="testStationOffsetCartesianDerivativesOctantMxMyPz" classname="org.orekit.estimation.measurements.GroundStationTest" time="0.443"/>
  <testcase name="testStationOffsetCartesianDerivativesOctantMxPyMz" classname="org.orekit.estimation.measurements.GroundStationTest" time="0.441"/>
  <testcase name="testStationOffsetCartesianDerivativesOctantMxPyPz" classname="org.orekit.estimation.measurements.GroundStationTest" time="0.448"/>
  <testcase name="testStationOffsetCartesianDerivativesNearPole" classname="org.orekit.estimation.measurements.GroundStationTest" time="0.439"/>
  <testcase name="testStationOffsetCartesianDerivativesOctantPxMyMz" classname="org.orekit.estimation.measurements.GroundStationTest" time="0.435"/>
  <testcase name="testStationOffsetCartesianDerivativesOctantPxMyPz" classname="org.orekit.estimation.measurements.GroundStationTest" time="0.447"/>
  <testcase name="testStationOffsetCartesianDerivativesOctantPxPyMz" classname="org.orekit.estimation.measurements.GroundStationTest" time="0.461"/>
  <testcase name="testStationOffsetCartesianDerivativesOctantPxPyPz" classname="org.orekit.estimation.measurements.GroundStationTest" time="0.473"/>
  <testcase name="testEstimateEOP" classname="org.orekit.estimation.measurements.GroundStationTest" time="26.927"/>
</testsuite>