<?xml version="1.0" encoding="UTF-8"?>
<testsuite xmlns:xsi="http://www.w3.org/2001/XMLSchema-instance" xsi:noNamespaceSchemaLocation="https://maven.apache.org/surefire/maven-surefire-plugin/xsd/surefire-test-report.xsd" name="org.orekit.utils.IERSConventionsTest" time="3.163" tests="57" errors="0" skipped="0" failures="0">
  <properties>
[...]
</properties>
  <testcase name="testGMST00FieldConsistency" classname="org.orekit.utils.IERSConventionsTest" time="0.083"/>
  <testcase name="testGMST2000vs82" classname="org.orekit.utils.IERSConventionsTest" time="0.123"/>
  <testcase name="testGST00ASofa" classname="org.orekit.utils.IERSConventionsTest" time="0.018"/>
  <testcase name="testTideFrequencyDependenceFunction2003FieldConsistency" classname="org.orekit.utils.IERSConventionsTest" time="0.087"/>
  <testcase name="testXYSpXY2Function2003FieldConsistency" classname="org.orekit.utils.IERSConventionsTest" time="0.322"/>
  <testcase name="testPrecessionFunction1996FieldConsistency" classname="org.orekit.utils.IERSConventionsTest" time="0.001"/>
  <testcase name="testGST06FieldConsistency" classname="org.orekit.utils.IERSConventionsTest" time="0.128"/>
  <testcase name="testIAU1994ResolutionC7Discontinuity" classname="org.orekit.utils.IERSConventionsTest" time="0.004"/>
  <testcase name="testNutationFunction2003FieldConsistency" classname="org.orekit.utils.IERSConventionsTest" time="0.272"/>
  <testcase name="testIERS1996NutationAngles" classname="org.orekit.utils.IERSConventionsTest" time="0.002"/>
  <testcase name="testOceanPoleTide2010FieldConsistency" classname="org.orekit.utils.IERSConventionsTest" time="0.036"/>
  <testcase name="testEOPTidalCorrection2010FieldConsistency" classname="org.orekit.utils.IERSConventionsTest" time="0.077"/>
  <testcase name="testTideFrequencyDependenceFunction1996FieldConsistency" classname="org.orekit.utils.IERSConventionsTest" time="0.082"/>
  <testcase name="testXYSpXY2Function1996FieldConsistency" classname="org.orekit.utils.IERSConventionsTest" time="0.03"/>
  <testcase name="testNutationFunction1996FieldConsistency" classname="org.orekit.utils.IERSConventionsTest" time="0.021"/>
  <testcase name="testTidalCorrection1996" classname="org.orekit.utils.IERSConventionsTest" time="0.005"/>
  <testcase name="testTidalCorrection2003" classname="org.orekit.utils.IERSConventionsTest" time="0.004"/>
  <testcase name="testTidalCorrection2010" classname="org.orekit.utils.IERSConventionsTest" time="0.004"/>
  <testcase name="testOceanPoleTide2003FieldConsistency" classname="org.orekit.utils.IERSConventionsTest" time="0.031"/>
  <testcase name="testGST94FieldConsistency" classname="org.orekit.utils.IERSConventionsTest" time="0.054"/>
  <testcase name="testEOPTidalCorrection2003FieldConsistency" classname="org.orekit.utils.IERSConventionsTest" time="0.065"/>
  <testcase name="testFieldGMSTRate1996" classname="org.orekit.utils.IERSConventionsTest" time="0.054"/>
  <testcase name="testFieldGMSTRate2003" classname="org.orekit.utils.IERSConventionsTest" time="0.036"/>
  <testcase name="testFieldGMSTRate2010" classname="org.orekit.utils.IERSConventionsTest" time="0.028"/>
  <testcase name="testGST00AFieldConsistencyNoEOP" classname="org.orekit.utils.IERSConventionsTest" time="0.111"/>
  <testcase name="testSolidPoleTide2010FieldConsistency" classname="org.orekit.utils.IERSConventionsTest" time="0.035"/>
  <testcase name="testGST94FieldConsistencyNoEOP" classname="org.orekit.utils.IERSConventionsTest" time="0.009"/>
  <testcase name="testOceanPoleTide1996FieldConsistency" classname="org.orekit.utils.IERSConventionsTest" time="0.034"/>
  <testcase name="testEOPTidalCorrection1996FieldConsistency" classname="org.orekit.utils.IERSConventionsTest" time="0.01"/>
  <testcase name="testMeanObliquityFunction2010FieldConsistency" classname="org.orekit.utils.IERSConventionsTest" time="0"/>
  <testcase name="testGMST00Sofa" classname="org.orekit.utils.IERSConventionsTest" time="0.032"/>
  <testcase name="testGMSTRate1996" classname="org.orekit.utils.IERSConventionsTest" time="0.036"/>
  <testcase name="testGMSTRate2003" classname="org.orekit.utils.IERSConventionsTest" time="0.032"/>
  <testcase name="testGMSTRate2010" classname="org.orekit.utils.IERSConventionsTest" time="0.039"/>
  <testcase name="testGMST06Sofa" classname="org.orekit.utils.IERSConventionsTest" time="0.036"/>
  <testcase name="testERA2010FieldConsistency" classname="org.orekit.utils.IERSConventionsTest" time="0.043"/>
  <testcase name="testGST00AFieldConsistency" classname="org.orekit.utils.IERSConventionsTest" time="0.145"/>
  <testcase name="testGMST82Sofa" classname="org.orekit.utils.IERSConventionsTest" time="0.034"/>
  <testcase name="testGST06Sofa" classname="org.orekit.utils.IERSConventionsTest" time="0.008"/>
  <testcase name="testSolidPoleTide2003FieldConsistency" classname="org.orekit.utils.IERSConventionsTest" time="0.037"/>
  <testcase name="testPrecessionFunction2010FieldConsistency" classname="org.orekit.utils.IERSConventionsTest" time="0.001"/>
  <testcase name="testGST94Sofa" classname="org.orekit.utils.IERSConventionsTest" time="0.002"/>
  <testcase name="testMeanObliquityFunction2003FieldConsistency" classname="org.orekit.utils.IERSConventionsTest" time="0.001"/>
  <testcase name="testGMST82FieldConsistency" classname="org.orekit.utils.IERSConventionsTest" time="0.035"/>
  <testcase name="testERA2003FieldConsistency" classname="org.orekit.utils.IERSConventionsTest" time="0.027"/>
  <testcase name="testERASofa" classname="org.orekit.utils.IERSConventionsTest" time="0.026"/>
  <testcase name="testTideFrequencyDependenceFunction2010FieldConsistency" classname="org.orekit.utils.IERSConventionsTest" time="0.051"/>
  <testcase name="testXYSpXY2Function2010FieldConsistency" classname="org.orekit.utils.IERSConventionsTest" time="0.313"/>
  <testcase name="testSolidPoleTide1996FieldConsistency" classname="org.orekit.utils.IERSConventionsTest" time="0.039"/>
  <testcase name="testPrecessionFunction2003FieldConsistency" classname="org.orekit.utils.IERSConventionsTest" time="0"/>
  <testcase name="testGMST06FieldConsistency" classname="org.orekit.utils.IERSConventionsTest" time="0.029"/>
  <testcase name="testGMST2000vs2006" classname="org.orekit.utils.IERSConventionsTest" time="0.027"/>
  <testcase name="testNutationFunction2010FieldConsistency" classname="org.orekit.utils.IERSConventionsTest" time="0.281"/>
  <testcase name="testMeanObliquityFunction1996FieldConsistency" classname="org.orekit.utils.IERSConventionsTest" time="0"/>
  <testcase name="testGST06FieldConsistencyNoEOP" classname="org.orekit.utils.IERSConventionsTest" time="0.089"/>
  <testcase name="testConventionsNumber" classname="org.orekit.utils.IERSConventionsTest" time="0"/>
  <testcase name="testERA1996FieldConsistency" classname="org.orekit.utils.IERSConventionsTest" time="0.034"/>
</testsuite>