<?xml version="1.0" encoding="UTF-8"?>
<testsuite xmlns:xsi="http://www.w3.org/2001/XMLSchema-instance" xsi:noNamespaceSchemaLocation="https://maven.apache.org/surefire/maven-surefire-plugin/xsd/surefire-test-report.xsd" name="org.orekit.propagation.semianalytical.dsst.DSSTPropagatorTest" time="14.154" tests="27" errors="0" skipped="0" failures="0">
  <properties>
[...]
</properties>
  <testcase name="testOsculatingToMeanState" classname="org.orekit.propagation.semianalytical.dsst.DSSTPropagatorTest" time="0.044"/>
  <testcase name="testStopEvent" classname="org.orekit.propagation.semianalytical.dsst.DSSTPropagatorTest" time="0.01"/>
  <testcase name="testIssue339WithAccelerations" classname="org.orekit.propagation.semianalytical.dsst.DSSTPropagatorTest" time="0.205"/>
  <testcase name="testTooSmallMaxDegree" classname="org.orekit.propagation.semianalytical.dsst.DSSTPropagatorTest" time="0.001"/>
  <testcase name="testEphemerisGeneration" classname="org.orekit.propagation.semianalytical.dsst.DSSTPropagatorTest" time="7.934"/>
  <testcase name="testHighDegreesSetting" classname="org.orekit.propagation.semianalytical.dsst.DSSTPropagatorTest" time="3.502"/>
  <testcase name="testGetInitialOsculatingState" classname="org.orekit.propagation.semianalytical.dsst.DSSTPropagatorTest" time="0.002"/>
  <testcase name="testImpulseManeuver" classname="org.orekit.propagation.semianalytical.dsst.DSSTPropagatorTest" time="0.006"/>
  <testcase name="testNoExtrapolation" classname="org.orekit.propagation.semianalytical.dsst.DSSTPropagatorTest" time="0.003"/>
  <testcase name="testMeanToOsculatingState" classname="org.orekit.propagation.semianalytical.dsst.DSSTPropagatorTest" time="0.004"/>
  <testcase name="testContinueEvent" classname="org.orekit.propagation.semianalytical.dsst.DSSTPropagatorTest" time="0.003"/>
  <testcase name="testWrongMaxPower" classname="org.orekit.propagation.semianalytical.dsst.DSSTPropagatorTest" time="0.001"/>
  <testcase name="testPropagationWithDrag" classname="org.orekit.propagation.semianalytical.dsst.DSSTPropagatorTest" time="0.042"/>
  <testcase name="testIssueMeanInclination" classname="org.orekit.propagation.semianalytical.dsst.DSSTPropagatorTest" time="0.007"/>
  <testcase name="testTooLargeMaxDegree" classname="org.orekit.propagation.semianalytical.dsst.DSSTPropagatorTest" time="0.001"/>
  <testcase name="testPropagationWithCentralBody" classname="org.orekit.propagation.semianalytical.dsst.DSSTPropagatorTest" time="0.007"/>
  <testcase name="testPropagationWithSolarRadiationPressure" classname="org.orekit.propagation.semianalytical.dsst.DSSTPropagatorTest" time="0.056"/>
  <testcase name="testShortPeriodCoefficients" classname="org.orekit.propagation.semianalytical.dsst.DSSTPropagatorTest" time="1.427"/>
  <testcase name="testEphemerisDates" classname="org.orekit.propagation.semianalytical.dsst.DSSTPropagatorTest" time="0.028"/>
  <testcase name="testEphemeris" classname="org.orekit.propagation.semianalytical.dsst.DSSTPropagatorTest" time="0.002"/>
  <testcase name="testIssue157" classname="org.orekit.propagation.semianalytical.dsst.DSSTPropagatorTest" time="0.492"/>
  <testcase name="testIssue257" classname="org.orekit.propagation.semianalytical.dsst.DSSTPropagatorTest" time="0.009"/>
  <testcase name="testIssue339" classname="org.orekit.propagation.semianalytical.dsst.DSSTPropagatorTest" time="0.246"/>
  <testcase name="testIssue363" classname="org.orekit.propagation.semianalytical.dsst.DSSTPropagatorTest" time="0.052"/>
  <testcase name="testIssue364" classname="org.orekit.propagation.semianalytical.dsst.DSSTPropagatorTest" time="0.047"/>
  <testcase name="testKepler" classname="org.orekit.propagation.semianalytical.dsst.DSSTPropagatorTest" time="0.003"/>
  <testcase name="testPropagationWithThirdBody" classname="org.orekit.propagation.semianalytical.dsst.DSSTPropagatorTest" time="0.016"/>
</testsuite>