<?xml version="1.0" encoding="UTF-8"?>
<testsuite xmlns:xsi="http://www.w3.org/2001/XMLSchema-instance" xsi:noNamespaceSchemaLocation="https://maven.apache.org/surefire/maven-surefire-plugin/xsd/surefire-test-report.xsd" name="org.orekit.propagation.numerical.FieldNumericalPropagatorTest" time="7.852" tests="60" errors="0" skipped="0" failures="0">
  <properties>
[...]
</properties>
  <testcase name="testException" classname="org.orekit.propagation.numerical.FieldNumericalPropagatorTest" time="0.008"/>
  <testcase name="testShiftCartesianHyperbolicEccentricWithoutDerivatives" classname="org.orekit.propagation.numerical.FieldNumericalPropagatorTest" time="0.357"/>
  <testcase name="testNotInitialised1" classname="org.orekit.propagation.numerical.FieldNumericalPropagatorTest" time="0.001"/>
  <testcase name="testNotInitialised2" classname="org.orekit.propagation.numerical.FieldNumericalPropagatorTest" time="0.001"/>
  <testcase name="testStopEvent" classname="org.orekit.propagation.numerical.FieldNumericalPropagatorTest" time="0.006"/>
  <testcase name="testShiftCircularTrueWithoutDerivatives" classname="org.orekit.propagation.numerical.FieldNumericalPropagatorTest" time="0.21"/>
  <testcase name="testShiftKeplerianHyperbolicEcentricWithDerivatives" classname="org.orekit.propagation.numerical.FieldNumericalPropagatorTest" time="0.313"/>
  <testcase name="testShiftKeplerianEllipticTrueWithoutDerivatives" classname="org.orekit.propagation.numerical.FieldNumericalPropagatorTest" time="0.281"/>
  <testcase name="testShiftKeplerianHyperbolicTrueWithoutDerivatives" classname="org.orekit.propagation.numerical.FieldNumericalPropagatorTest" time="0.245"/>
  <testcase name="testShiftCartesianEllipticEccentricWithoutDerivatives" classname="org.orekit.propagation.numerical.FieldNumericalPropagatorTest" time="0.234"/>
  <testcase name="testShiftCartesianEllipticMeanWithoutDerivatives" classname="org.orekit.propagation.numerical.FieldNumericalPropagatorTest" time="0.249"/>
  <testcase name="testPropagationTypesElliptical" classname="org.orekit.propagation.numerical.FieldNumericalPropagatorTest" time="0.274"/>
  <testcase name="testEventDetectionBug" classname="org.orekit.propagation.numerical.FieldNumericalPropagatorTest" time="0.02"/>
  <testcase name="testShiftKeplerianEllipticTrueWithDerivatives" classname="org.orekit.propagation.numerical.FieldNumericalPropagatorTest" time="0.236"/>
  <testcase name="testShiftCartesianHyperbolicMeanWithoutDerivatives" classname="org.orekit.propagation.numerical.FieldNumericalPropagatorTest" time="0.191"/>
  <testcase name="testDeprecatedMethods" classname="org.orekit.propagation.numerical.FieldNumericalPropagatorTest" time="0.002"/>
  <testcase name="testShiftKeplerianEllipticMeanWithDerivatives" classname="org.orekit.propagation.numerical.FieldNumericalPropagatorTest" time="0.218"/>
  <testcase name="testShiftCircularTrueWithDerivatives" classname="org.orekit.propagation.numerical.FieldNumericalPropagatorTest" time="0.18"/>
  <testcase name="testShiftCircularMeanWithDerivatives" classname="org.orekit.propagation.numerical.FieldNumericalPropagatorTest" time="0.165"/>
  <testcase name="testShiftCartesianEllipticTrueWithoutDerivatives" classname="org.orekit.propagation.numerical.FieldNumericalPropagatorTest" time="0.15"/>
  <testcase name="testResetAdditionalStateEvent" classname="org.orekit.propagation.numerical.FieldNumericalPropagatorTest" time="0.026"/>
  <testcase name="testPropagationTypesHyperbolic" classname="org.orekit.propagation.numerical.FieldNumericalPropagatorTest" time="0.11"/>
  <testcase name="testShiftKeplerianHyperbolicTrueWithDerivatives" classname="org.orekit.propagation.numerical.FieldNumericalPropagatorTest" time="0.169"/>
  <testcase name="testShiftKeplerianHyperbolicMeanWithDerivatives" classname="org.orekit.propagation.numerical.FieldNumericalPropagatorTest" time="0.159"/>
  <testcase name="testShiftCartesianHyperbolicTrueWithoutDerivatives" classname="org.orekit.propagation.numerical.FieldNumericalPropagatorTest" time="0.167"/>
  <testcase name="testShiftCircularEccentricWithoutDerivatives" classname="org.orekit.propagation.numerical.FieldNumericalPropagatorTest" time="0.168"/>
  <testcase name="testShiftCircularEcentricWithDerivatives" classname="org.orekit.propagation.numerical.FieldNumericalPropagatorTest" time="0.168"/>
  <testcase name="testEphemerisAdditionalState" classname="org.orekit.propagation.numerical.FieldNumericalPropagatorTest" time="0.022"/>
  <testcase name="testNoExtrapolation" classname="org.orekit.propagation.numerical.FieldNumericalPropagatorTest" time="0.001"/>
  <testcase name="testShiftCartesianEllipticTrueWithDerivatives" classname="org.orekit.propagation.numerical.FieldNumericalPropagatorTest" time="0.162"/>
  <testcase name="testShiftCartesianEllipticMeanWithDerivatives" classname="org.orekit.propagation.numerical.FieldNumericalPropagatorTest" time="0.139"/>
  <testcase name="testShiftEquinoctialEcentricWithDerivatives" classname="org.orekit.propagation.numerical.FieldNumericalPropagatorTest" time="0.141"/>
  <testcase name="testContinueEvent" classname="org.orekit.propagation.numerical.FieldNumericalPropagatorTest" time="0.014"/>
  <testcase name="testShiftKeplerianEllipticEccentricWithoutDerivatives" classname="org.orekit.propagation.numerical.FieldNumericalPropagatorTest" time="0.183"/>
  <testcase name="testShiftEquinoctialEccentricWithoutDerivatives" classname="org.orekit.propagation.numerical.FieldNumericalPropagatorTest" time="0.158"/>
  <testcase name="testShiftCartesianHyperbolicTrueWithDerivatives" classname="org.orekit.propagation.numerical.FieldNumericalPropagatorTest" time="0.166"/>
  <testcase name="testResetStateEvent" classname="org.orekit.propagation.numerical.FieldNumericalPropagatorTest" time="0.014"/>
  <testcase name="testShiftCartesianHyperbolicMeanWithDerivatives" classname="org.orekit.propagation.numerical.FieldNumericalPropagatorTest" time="0.164"/>
  <testcase name="testEventAtEndOfEphemeris" classname="org.orekit.propagation.numerical.FieldNumericalPropagatorTest" time="0.003"/>
  <testcase name="testShiftCartesianHyperbolicEcentricWithDerivatives" classname="org.orekit.propagation.numerical.FieldNumericalPropagatorTest" time="0.137"/>
  <testcase name="testShiftEquinoctialMeanWithoutDerivatives" classname="org.orekit.propagation.numerical.FieldNumericalPropagatorTest" time="0.166"/>
  <testcase name="testCartesian" classname="org.orekit.propagation.numerical.FieldNumericalPropagatorTest" time="0.011"/>
  <testcase name="testShiftEquinoctialTrueWithDerivatives" classname="org.orekit.propagation.numerical.FieldNumericalPropagatorTest" time="0.14"/>
  <testcase name="testShiftCartesianEllipticEcentricWithDerivatives" classname="org.orekit.propagation.numerical.FieldNumericalPropagatorTest" time="0.157"/>
  <testcase name="testAdditionalStateEvent" classname="org.orekit.propagation.numerical.FieldNumericalPropagatorTest" time="0.004"/>
  <testcase name="testShiftEquinoctialMeanWithDerivatives" classname="org.orekit.propagation.numerical.FieldNumericalPropagatorTest" time="0.151"/>
  <testcase name="testEphemerisDates" classname="org.orekit.propagation.numerical.FieldNumericalPropagatorTest" time="0.306"/>
  <testcase name="testResetDerivativesEvent" classname="org.orekit.propagation.numerical.FieldNumericalPropagatorTest" time="0.015"/>
  <testcase name="testCloseEventDates" classname="org.orekit.propagation.numerical.FieldNumericalPropagatorTest" time="0.003"/>
  <testcase name="testEventAtBeginningOfEphemeris" classname="org.orekit.propagation.numerical.FieldNumericalPropagatorTest" time="0.004"/>
  <testcase name="testShiftKeplerianEllipticEcentricWithDerivatives" classname="org.orekit.propagation.numerical.FieldNumericalPropagatorTest" time="0.188"/>
  <testcase name="testIssue157" classname="org.orekit.propagation.numerical.FieldNumericalPropagatorTest" time="0.004"/>
  <testcase name="testEphemerisDatesBackward" classname="org.orekit.propagation.numerical.FieldNumericalPropagatorTest" time="0.183"/>
  <testcase name="testKepler" classname="org.orekit.propagation.numerical.FieldNumericalPropagatorTest" time="0.008"/>
  <testcase name="testShiftEquinoctialTrueWithoutDerivatives" classname="org.orekit.propagation.numerical.FieldNumericalPropagatorTest" time="0.19"/>
  <testcase name="testShiftCircularMeanWithoutDerivatives" classname="org.orekit.propagation.numerical.FieldNumericalPropagatorTest" time="0.173"/>
  <testcase name="testShiftKeplerianEllipticMeanWithoutDerivatives" classname="org.orekit.propagation.numerical.FieldNumericalPropagatorTest" time="0.162"/>
  <testcase name="testShiftKeplerianHyperbolicMeanWithoutDerivatives" classname="org.orekit.propagation.numerical.FieldNumericalPropagatorTest" time="0.175"/>
  <testcase name="testEphemerisGenerationIssue14" classname="org.orekit.propagation.numerical.FieldNumericalPropagatorTest" time="0.04"/>
  <testcase name="testShiftKeplerianHyperbolicEccentricWithoutDerivatives" classname="org.orekit.propagation.numerical.FieldNumericalPropagatorTest" time="0.156"/>
</testsuite>